0 info it worked if it ends with ok
1 verbose cli [ '/usr/local/bin/node',
1 verbose cli   '/usr/local/bin/npm',
1 verbose cli   'install',
1 verbose cli   '-g',
1 verbose cli   'cnpm',
1 verbose cli   '--registry=https://registry.npm.taobao.org' ]
2 info using npm@2.15.8
3 info using node@v4.4.7
4 verbose install initial load of /usr/local/lib/package.json
5 verbose readDependencies loading dependencies from /usr/local/lib/package.json
6 silly cache add args [ 'cnpm', null ]
7 verbose cache add spec cnpm
8 silly cache add parsed spec Result {
8 silly cache add   raw: 'cnpm',
8 silly cache add   scope: null,
8 silly cache add   name: 'cnpm',
8 silly cache add   rawSpec: '',
8 silly cache add   spec: 'latest',
8 silly cache add   type: 'tag' }
9 silly addNamed cnpm@latest
10 verbose addNamed "latest" is being treated as a dist-tag for cnpm
11 info addNameTag [ 'cnpm', 'latest' ]
12 silly mapToRegistry name cnpm
13 silly mapToRegistry using default registry
14 silly mapToRegistry registry https://registry.npm.taobao.org/
15 silly mapToRegistry data Result {
15 silly mapToRegistry   raw: 'cnpm',
15 silly mapToRegistry   scope: null,
15 silly mapToRegistry   name: 'cnpm',
15 silly mapToRegistry   rawSpec: '',
15 silly mapToRegistry   spec: 'latest',
15 silly mapToRegistry   type: 'tag' }
16 silly mapToRegistry uri https://registry.npm.taobao.org/cnpm
17 verbose addNameTag registry:https://registry.npm.taobao.org/cnpm not in flight; fetching
18 verbose request uri https://registry.npm.taobao.org/cnpm
19 verbose request no auth needed
20 info attempt registry request try #1 at 5:36:59 PM
21 verbose request id 27d64304d3cda48d
22 http request GET https://registry.npm.taobao.org/cnpm
23 http 200 https://registry.npm.taobao.org/cnpm
24 verbose headers { date: 'Fri, 22 Jul 2016 09:36:59 GMT',
24 verbose headers   'content-type': 'application/json; charset=utf-8',
24 verbose headers   'content-length': '142753',
24 verbose headers   connection: 'keep-alive',
24 verbose headers   etag: '"22da1-8hu1TD1pfrizMnPYDyg+Dg"',
24 verbose headers   'x-readtime': '129' }
25 silly get cb [ 200,
25 silly get   { date: 'Fri, 22 Jul 2016 09:36:59 GMT',
25 silly get     'content-type': 'application/json; charset=utf-8',
25 silly get     'content-length': '142753',
25 silly get     connection: 'keep-alive',
25 silly get     etag: '"22da1-8hu1TD1pfrizMnPYDyg+Dg"',
25 silly get     'x-readtime': '129' } ]
26 verbose get saving cnpm to /Users/apple/.npm/registry.npm.taobao.org/cnpm/.cache.json
27 verbose correctMkdir /Users/apple/.npm correctMkdir not in flight; initializing
28 silly addNameTag next cb for cnpm with tag latest
29 silly addNamed cnpm@4.2.0
30 verbose addNamed "4.2.0" is a plain semver version for cnpm
31 silly mapToRegistry name cnpm
32 silly mapToRegistry using default registry
33 silly mapToRegistry registry https://registry.npm.taobao.org/
34 silly mapToRegistry data Result {
34 silly mapToRegistry   raw: 'cnpm',
34 silly mapToRegistry   scope: null,
34 silly mapToRegistry   name: 'cnpm',
34 silly mapToRegistry   rawSpec: '',
34 silly mapToRegistry   spec: 'latest',
34 silly mapToRegistry   type: 'tag' }
35 silly mapToRegistry uri https://registry.npm.taobao.org/cnpm
36 verbose addRemoteTarball https://registry.npm.taobao.org/cnpm/download/cnpm-4.2.0.tgz not in flight; adding
37 verbose addRemoteTarball [ 'https://registry.npm.taobao.org/cnpm/download/cnpm-4.2.0.tgz',
37 verbose addRemoteTarball   '7b59c8f5c23fda615bb4fc7b84de46c4bbb4880c' ]
38 info retry fetch attempt 1 at 5:37:01 PM
39 info attempt registry request try #1 at 5:37:01 PM
40 http fetch GET https://registry.npm.taobao.org/cnpm/download/cnpm-4.2.0.tgz
41 http fetch 200 https://registry.npm.taobao.org/cnpm/download/cnpm-4.2.0.tgz
42 silly fetchAndShaCheck shasum 7b59c8f5c23fda615bb4fc7b84de46c4bbb4880c
43 verbose addTmpTarball /var/folders/jk/ds30w41s4cqfdf2lj_dhkb7r0000gn/T/npm-70505-5313b003/registry.npm.taobao.org/cnpm/download/cnpm-4.2.0.tgz not in flight; adding
44 verbose addTmpTarball already have metadata; skipping unpack for cnpm@4.2.0
45 verbose correctMkdir /Users/apple/.npm correctMkdir not in flight; initializing
46 silly cache afterAdd cnpm@4.2.0
47 verbose afterAdd /Users/apple/.npm/cnpm/4.2.0/package/package.json not in flight; writing
48 verbose correctMkdir /Users/apple/.npm correctMkdir not in flight; initializing
49 verbose afterAdd /Users/apple/.npm/cnpm/4.2.0/package/package.json written
50 silly install resolved [ { name: 'cnpm',
50 silly install resolved     version: '4.2.0',
50 silly install resolved     description: 'cnpm: npm client for cnpmjs.org',
50 silly install resolved     main: 'bin/cnpm',
50 silly install resolved     scripts:
50 silly install resolved      { test: 'mocha test/*.test.js --timeout 60000',
50 silly install resolved        cnpm: 'npm i --registry=https://registry.npm.taobao.org' },
50 silly install resolved     preferGlobal: true,
50 silly install resolved     bin:
50 silly install resolved      { cnpm: './bin/cnpm',
50 silly install resolved        'cnpm-check': './bin/cnpm-check',
50 silly install resolved        'cnpm-sync': './bin/cnpm-sync',
50 silly install resolved        'cnpm-web': './bin/cnpm-web',
50 silly install resolved        'cnpm-user': './bin/cnpm-user',
50 silly install resolved        'cnpm-doc': './bin/cnpm-doc',
50 silly install resolved        'cnpm-search': './bin/cnpm-search' },
50 silly install resolved     dependencies:
50 silly install resolved      { 'auto-correct': '^1.0.0',
50 silly install resolved        bagpipe: '^0.3.5',
50 silly install resolved        colors: '^1.0.3',
50 silly install resolved        commander: '~2.7.1',
50 silly install resolved        'cross-spawn': '~0.2.8',
50 silly install resolved        debug: '^2.2.0',
50 silly install resolved        giturl: '^1.0.0',
50 silly install resolved        npm: '^3.8.0',
50 silly install resolved        'npm-request': '~0.0.4',
50 silly install resolved        open: '~0.0.5',
50 silly install resolved        urllib: '^2.8.0',
50 silly install resolved        npminstall: '^1.3.1' },
50 silly install resolved     devDependencies:
50 silly install resolved      { autod: '*',
50 silly install resolved        'fs-extra': '0',
50 silly install resolved        jshint: '2',
50 silly install resolved        mocha: '2',
50 silly install resolved        should: '5' },
50 silly install resolved     homepage: 'https://github.com/cnpm/cnpm',
50 silly install resolved     repository:
50 silly install resolved      { type: 'git',
50 silly install resolved        url: 'git://github.com/cnpm/cnpm.git',
50 silly install resolved        web: 'https://github.com/cnpm/cnpm' },
50 silly install resolved     bugs:
50 silly install resolved      { url: 'https://github.com/cnpm/cnpm/issues',
50 silly install resolved        email: 'm@fengmk2.com' },
50 silly install resolved     keywords: [ 'cnpm' ],
50 silly install resolved     engines: { node: '>= 4.3.2' },
50 silly install resolved     author:
50 silly install resolved      { name: 'fengmk2',
50 silly install resolved        email: 'm@fengmk2.com',
50 silly install resolved        url: 'http://fengmk2.com' },
50 silly install resolved     license: 'MIT',
50 silly install resolved     contributors: [ [Object], [Object], [Object], [Object], [Object], [Object] ],
50 silly install resolved     gitHead: '9cd002b0a00d7c984c1bd7ac1c21d57e17e8b230',
50 silly install resolved     _id: 'cnpm@4.2.0',
50 silly install resolved     _shasum: '7b59c8f5c23fda615bb4fc7b84de46c4bbb4880c',
50 silly install resolved     _from: 'cnpm@latest',
50 silly install resolved     _npmVersion: '2.14.12',
50 silly install resolved     _nodeVersion: '4.3.2',
50 silly install resolved     _npmUser: { name: 'fengmk2', email: 'fengmk2@gmail.com' },
50 silly install resolved     maintainers: [ [Object], [Object], [Object] ],
50 silly install resolved     dist:
50 silly install resolved      { shasum: '7b59c8f5c23fda615bb4fc7b84de46c4bbb4880c',
50 silly install resolved        size: 9496,
50 silly install resolved        noattachment: false,
50 silly install resolved        tarball: 'http://registry.npm.taobao.org/cnpm/download/cnpm-4.2.0.tgz' },
50 silly install resolved     _npmOperationalInternal:
50 silly install resolved      { host: 'packages-12-west.internal.npmjs.com',
50 silly install resolved        tmp: 'tmp/cnpm-4.2.0.tgz_1457714865359_0.37735210661776364' },
50 silly install resolved     directories: {},
50 silly install resolved     publish_time: 1457714867813,
50 silly install resolved     _cnpm_publish_time: 1457714867813,
50 silly install resolved     _resolved: 'https://registry.npm.taobao.org/cnpm/download/cnpm-4.2.0.tgz' } ]
51 info install cnpm@4.2.0 into /usr/local/lib
52 info installOne cnpm@4.2.0
53 verbose installOne of cnpm to /usr/local/lib not in flight; installing
54 verbose correctMkdir /Users/apple/.npm/_locks correctMkdir not in flight; initializing
55 verbose lock using /Users/apple/.npm/_locks/cnpm-723f324a9e509f07.lock for /usr/local/lib/node_modules/cnpm
56 silly install write writing cnpm 4.2.0 to /usr/local/lib/node_modules/cnpm
57 verbose unbuild lib/node_modules/cnpm
58 silly gentlyRm /usr/local/lib/node_modules/cnpm is being purged from base /usr/local
59 verbose gentlyRm don't care about contents; nuking /usr/local/lib/node_modules/cnpm
60 verbose tar unpack /Users/apple/.npm/cnpm/4.2.0/package.tgz
61 verbose tar unpacking to /usr/local/lib/node_modules/cnpm
62 silly gentlyRm /usr/local/lib/node_modules/cnpm is being purged
63 verbose gentlyRm don't care about contents; nuking /usr/local/lib/node_modules/cnpm
64 silly gunzTarPerm modes [ '755', '644' ]
65 error tar.unpack untar error /Users/apple/.npm/cnpm/4.2.0/package.tgz
66 verbose unlock done using /Users/apple/.npm/_locks/cnpm-723f324a9e509f07.lock for /usr/local/lib/node_modules/cnpm
67 verbose fstream_path /usr/local/lib/node_modules/cnpm
68 verbose fstream_type Directory
69 verbose fstream_class DirWriter
70 verbose stack Error: EACCES: permission denied, mkdir '/usr/local/lib/node_modules/cnpm'
70 verbose stack     at Error (native)
71 verbose fstream_stack /usr/local/lib/node_modules/npm/node_modules/fstream/lib/dir-writer.js:35:25
71 verbose fstream_stack /usr/local/lib/node_modules/npm/node_modules/mkdirp/index.js:47:53
71 verbose fstream_stack FSReqWrap.oncomplete (fs.js:82:15)
72 verbose cwd /Users/apple/Work/hyh/Github/D3
73 error Darwin 14.5.0
74 error argv "/usr/local/bin/node" "/usr/local/bin/npm" "install" "-g" "cnpm" "--registry=https://registry.npm.taobao.org"
75 error node v4.4.7
76 error npm  v2.15.8
77 error path /usr/local/lib/node_modules/cnpm
78 error code EACCES
79 error errno -13
80 error syscall mkdir
81 error Error: EACCES: permission denied, mkdir '/usr/local/lib/node_modules/cnpm'
81 error     at Error (native)
81 error  { [Error: EACCES: permission denied, mkdir '/usr/local/lib/node_modules/cnpm']
81 error   errno: -13,
81 error   code: 'EACCES',
81 error   syscall: 'mkdir',
81 error   path: '/usr/local/lib/node_modules/cnpm',
81 error   fstream_type: 'Directory',
81 error   fstream_path: '/usr/local/lib/node_modules/cnpm',
81 error   fstream_class: 'DirWriter',
81 error   fstream_stack:
81 error    [ '/usr/local/lib/node_modules/npm/node_modules/fstream/lib/dir-writer.js:35:25',
81 error      '/usr/local/lib/node_modules/npm/node_modules/mkdirp/index.js:47:53',
81 error      'FSReqWrap.oncomplete (fs.js:82:15)' ] }
82 error Please try running this command again as root/Administrator.
83 verbose exit [ -13, true ]
84 verbose unbuild lib/node_modules/cnpm
85 silly gentlyRm /usr/local/lib/node_modules/cnpm is being purged from base /usr/local
86 verbose gentlyRm don't care about contents; nuking /usr/local/lib/node_modules/cnpm
